# JRE version: Java(TM) SE Runtime Environment (7.0_45-b18) (build 1.7.0_45-b18)
# Java VM: Java HotSpot(TM) 64-Bit Server VM (24.45-b08 mixed mode linux-amd64 compressed oops)
Heap
 PSYoungGen      total 51712K, used 10982K [0x00000000e1a80000, 0x00000000e5080000, 0x0000000100000000)
  eden space 48128K, 19% used [0x00000000e1a80000,0x00000000e23c1920,0x00000000e4980000)
  from space 3584K, 41% used [0x00000000e4d00000,0x00000000e4e78030,0x00000000e5080000)
  to   space 3584K, 0% used [0x00000000e4980000,0x00000000e4980000,0x00000000e4d00000)
 ParOldGen       total 61952K, used 14294K [0x00000000a5000000, 0x00000000a8c80000, 0x00000000e1a80000)
  object space 61952K, 23% used [0x00000000a5000000,0x00000000a5df5970,0x00000000a8c80000)
 PSPermGen       total 21504K, used 9381K [0x000000009fe00000, 0x00000000a1300000, 0x00000000a5000000)
  object space 21504K, 43% used [0x000000009fe00000,0x00000000a0729468,0x00000000a1300000)
GC Heap History (4 events):
Event: 0,329 GC heap before
{Heap before GC invocations=1 (full 0):
 PSYoungGen      total 27648K, used 20912K [0x00000000e1a80000, 0x00000000e3900000, 0x0000000100000000)
  eden space 24064K, 86% used [0x00000000e1a80000,0x00000000e2eec218,0x00000000e3200000)
  from space 3584K, 0% used [0x00000000e3580000,0x00000000e3580000,0x00000000e3900000)
  to   space 3584K, 0% used [0x00000000e3200000,0x00000000e3200000,0x00000000e3580000)
 ParOldGen       total 61952K, used 0K [0x00000000a5000000, 0x00000000a8c80000, 0x00000000e1a80000)
  object space 61952K, 0% used [0x00000000a5000000,0x00000000a5000000,0x00000000a8c80000)
 PSPermGen       total 21504K, used 8517K [0x000000009fe00000, 0x00000000a1300000, 0x00000000a5000000)
  object space 21504K, 39% used [0x000000009fe00000,0x00000000a0651608,0x00000000a1300000)
Event: 0,338 GC heap after
Heap after GC invocations=1 (full 0):
 PSYoungGen      total 27648K, used 2730K [0x00000000e1a80000, 0x00000000e5080000, 0x0000000100000000)
  eden space 24064K, 0% used [0x00000000e1a80000,0x00000000e1a80000,0x00000000e3200000)
  from space 3584K, 76% used [0x00000000e3200000,0x00000000e34aa9c0,0x00000000e3580000)
  to   space 3584K, 0% used [0x00000000e4d00000,0x00000000e4d00000,0x00000000e5080000)
 ParOldGen       total 61952K, used 10641K [0x00000000a5000000, 0x00000000a8c80000, 0x00000000e1a80000)
  object space 61952K, 17% used [0x00000000a5000000,0x00000000a5a644e0,0x00000000a8c80000)
 PSPermGen       total 21504K, used 8517K [0x000000009fe00000, 0x00000000a1300000, 0x00000000a5000000)
  object space 21504K, 39% used [0x000000009fe00000,0x00000000a0651608,0x00000000a1300000)
}
Event: 0,416 GC heap before
{Heap before GC invocations=2 (full 0):
 PSYoungGen      total 27648K, used 26794K [0x00000000e1a80000, 0x00000000e5080000, 0x0000000100000000)
  eden space 24064K, 100% used [0x00000000e1a80000,0x00000000e3200000,0x00000000e3200000)
  from space 3584K, 76% used [0x00000000e3200000,0x00000000e34aa9c0,0x00000000e3580000)
  to   space 3584K, 0% used [0x00000000e4d00000,0x00000000e4d00000,0x00000000e5080000)
 ParOldGen       total 61952K, used 10641K [0x00000000a5000000, 0x00000000a8c80000, 0x00000000e1a80000)
  object space 61952K, 17% used [0x00000000a5000000,0x00000000a5a644e0,0x00000000a8c80000)
 PSPermGen       total 21504K, used 8529K [0x000000009fe00000, 0x00000000a1300000, 0x00000000a5000000)
  object space 21504K, 39% used [0x000000009fe00000,0x00000000a0654628,0x00000000a1300000)
Event: 0,420 GC heap after
Heap after GC invocations=2 (full 0):
 PSYoungGen      total 51712K, used 1504K [0x00000000e1a80000, 0x00000000e5080000, 0x0000000100000000)
  eden space 48128K, 0% used [0x00000000e1a80000,0x00000000e1a80000,0x00000000e4980000)
  from space 3584K, 41% used [0x00000000e4d00000,0x00000000e4e78030,0x00000000e5080000)
  to   space 3584K, 0% used [0x00000000e4980000,0x00000000e4980000,0x00000000e4d00000)
 ParOldGen       total 61952K, used 14294K [0x00000000a5000000, 0x00000000a8c80000, 0x00000000e1a80000)
  object space 61952K, 23% used [0x00000000a5000000,0x00000000a5df5970,0x00000000a8c80000)
 PSPermGen       total 21504K, used 8529K [0x000000009fe00000, 0x00000000a1300000, 0x00000000a5000000)
  object space 21504K, 39% used [0x000000009fe00000,0x00000000a0654628,0x00000000a1300000)
}

